<?xml version="1.0" encoding="UTF-8"?>
<testng-results ignored="0" total="2" passed="1" failed="1" skipped="0">
  <reporter-output>
  </reporter-output>
  <suite started-at="2025-04-12T13:33:28 IST" name="Suite" finished-at="2025-04-12T13:34:35 IST" duration-ms="66588">
    <groups>
      <group name="regressionTest">
        <method signature="CreateCampTest.createCampTest()[pri:0, instance:Campgins.CreateCampTest@58ea606c]" name="createCampTest" class="Campgins.CreateCampTest"/>
        <method signature="CreateProductTest.CreateProduct()[pri:0, instance:Campgins.CreateProductTest@2d2ffcb7]" name="CreateProduct" class="Campgins.CreateProductTest"/>
      </group> <!-- regressionTest -->
      <group name="smokeTest">
        <method signature="CreateCampTest.createCampTest()[pri:0, instance:Campgins.CreateCampTest@58ea606c]" name="createCampTest" class="Campgins.CreateCampTest"/>
        <method signature="CreateProductTest.CreateProduct()[pri:0, instance:Campgins.CreateProductTest@2d2ffcb7]" name="CreateProduct" class="Campgins.CreateProductTest"/>
      </group> <!-- smokeTest -->
    </groups>
    <test started-at="2025-04-12T13:33:28 IST" name="Test" finished-at="2025-04-12T13:34:35 IST" duration-ms="66588">
      <class name="Campgins.CreateCampTest">
        <test-method is-config="true" signature="BeforeSuite()[pri:0, instance:Campgins.CreateCampTest@58ea606c]" started-at="2025-04-12T13:33:28 IST" name="BeforeSuite" finished-at="2025-04-12T13:33:28 IST" duration-ms="12" status="PASS">
          <reporter-output>
          </reporter-output>
        </test-method> <!-- BeforeSuite -->
        <test-method is-config="true" signature="BeforTest()[pri:0, instance:Campgins.CreateCampTest@58ea606c]" started-at="2025-04-12T13:33:28 IST" name="BeforTest" finished-at="2025-04-12T13:33:28 IST" duration-ms="0" status="PASS">
          <reporter-output>
          </reporter-output>
        </test-method> <!-- BeforTest -->
        <test-method is-config="true" signature="Beforclass()[pri:0, instance:Campgins.CreateCampTest@58ea606c]" started-at="2025-04-12T13:33:28 IST" name="Beforclass" finished-at="2025-04-12T13:33:31 IST" duration-ms="2991" status="PASS">
          <reporter-output>
          </reporter-output>
        </test-method> <!-- Beforclass -->
        <test-method is-config="true" signature="Beformethod()[pri:0, instance:Campgins.CreateCampTest@58ea606c]" started-at="2025-04-12T13:33:31 IST" name="Beformethod" finished-at="2025-04-12T13:33:48 IST" duration-ms="16212" status="PASS">
          <reporter-output>
          </reporter-output>
        </test-method> <!-- Beformethod -->
        <test-method signature="createCampTest()[pri:0, instance:Campgins.CreateCampTest@58ea606c]" started-at="2025-04-12T13:33:48 IST" name="createCampTest" finished-at="2025-04-12T13:34:06 IST" duration-ms="18285" status="FAIL">
          <exception class="java.lang.AssertionError">
            <message>
              <![CDATA[test case failing]]>
            </message>
            <full-stacktrace>
              <![CDATA[java.lang.AssertionError: test case failing
at org.testng.Assert.fail(Assert.java:111)
at Campgins.CreateCampTest.createCampTest(CreateCampTest.java:43)
at java.base/jdk.internal.reflect.DirectMethodHandleAccessor.invoke(DirectMethodHandleAccessor.java:103)
at java.base/java.lang.reflect.Method.invoke(Method.java:580)
at org.testng.internal.invokers.MethodInvocationHelper.invokeMethod(MethodInvocationHelper.java:141)
at org.testng.internal.invokers.TestInvoker.invokeMethod(TestInvoker.java:687)
at org.testng.internal.invokers.TestInvoker.invokeTestMethod(TestInvoker.java:230)
at org.testng.internal.invokers.MethodRunner.runInSequence(MethodRunner.java:63)
at org.testng.internal.invokers.TestInvoker$MethodInvocationAgent.invoke(TestInvoker.java:995)
at org.testng.internal.invokers.TestInvoker.invokeTestMethods(TestInvoker.java:203)
at org.testng.internal.invokers.TestMethodWorker.invokeTestMethods(TestMethodWorker.java:154)
at org.testng.internal.invokers.TestMethodWorker.run(TestMethodWorker.java:134)
at java.base/java.util.ArrayList.forEach(ArrayList.java:1596)
at org.testng.TestRunner.privateRun(TestRunner.java:741)
at org.testng.TestRunner.run(TestRunner.java:616)
at org.testng.SuiteRunner.runTest(SuiteRunner.java:421)
at org.testng.SuiteRunner.runSequentially(SuiteRunner.java:413)
at org.testng.SuiteRunner.privateRun(SuiteRunner.java:373)
at org.testng.SuiteRunner.run(SuiteRunner.java:312)
at org.testng.SuiteRunnerWorker.runSuite(SuiteRunnerWorker.java:52)
at org.testng.SuiteRunnerWorker.run(SuiteRunnerWorker.java:95)
at org.testng.TestNG.runSuitesSequentially(TestNG.java:1274)
at org.testng.TestNG.runSuitesLocally(TestNG.java:1208)
at org.testng.TestNG.runSuites(TestNG.java:1112)
at org.testng.TestNG.run(TestNG.java:1079)
at org.testng.remote.AbstractRemoteTestNG.run(AbstractRemoteTestNG.java:115)
at org.testng.remote.RemoteTestNG.initAndRun(RemoteTestNG.java:293)
at org.testng.remote.RemoteTestNG.main(RemoteTestNG.java:91)
]]>
            </full-stacktrace>
          </exception> <!-- java.lang.AssertionError -->
          <reporter-output>
          </reporter-output>
        </test-method> <!-- createCampTest -->
        <test-method is-config="true" signature="afterclass()[pri:0, instance:Campgins.CreateCampTest@58ea606c]" started-at="2025-04-12T13:34:06 IST" name="afterclass" finished-at="2025-04-12T13:34:07 IST" duration-ms="377" status="PASS">
          <reporter-output>
          </reporter-output>
        </test-method> <!-- afterclass -->
        <test-method is-config="true" signature="aftermethod()[pri:0, instance:Campgins.CreateCampTest@58ea606c]" started-at="2025-04-12T13:34:06 IST" name="aftermethod" finished-at="2025-04-12T13:34:06 IST" duration-ms="0" status="PASS">
          <reporter-output>
          </reporter-output>
        </test-method> <!-- aftermethod -->
        <test-method is-config="true" signature="aftertest()[pri:0, instance:Campgins.CreateCampTest@58ea606c]" started-at="2025-04-12T13:34:35 IST" name="aftertest" finished-at="2025-04-12T13:34:35 IST" duration-ms="2" status="PASS">
          <reporter-output>
          </reporter-output>
        </test-method> <!-- aftertest -->
        <test-method is-config="true" signature="aftersuite()[pri:0, instance:Campgins.CreateCampTest@58ea606c]" started-at="2025-04-12T13:34:35 IST" name="aftersuite" finished-at="2025-04-12T13:34:35 IST" duration-ms="2" status="PASS">
          <reporter-output>
          </reporter-output>
        </test-method> <!-- aftersuite -->
      </class> <!-- Campgins.CreateCampTest -->
      <class name="Campgins.CreateProductTest">
        <test-method is-config="true" signature="Beforclass()[pri:0, instance:Campgins.CreateProductTest@2d2ffcb7]" started-at="2025-04-12T13:34:07 IST" name="Beforclass" finished-at="2025-04-12T13:34:08 IST" duration-ms="968" status="PASS">
          <reporter-output>
          </reporter-output>
        </test-method> <!-- Beforclass -->
        <test-method is-config="true" signature="Beformethod()[pri:0, instance:Campgins.CreateProductTest@2d2ffcb7]" started-at="2025-04-12T13:34:08 IST" name="Beformethod" finished-at="2025-04-12T13:34:11 IST" duration-ms="3733" status="PASS">
          <reporter-output>
          </reporter-output>
        </test-method> <!-- Beformethod -->
        <test-method signature="CreateProduct()[pri:0, instance:Campgins.CreateProductTest@2d2ffcb7]" started-at="2025-04-12T13:34:11 IST" name="CreateProduct" finished-at="2025-04-12T13:34:34 IST" duration-ms="23026" status="PASS">
          <reporter-output>
          </reporter-output>
        </test-method> <!-- CreateProduct -->
        <test-method is-config="true" signature="aftermethod()[pri:0, instance:Campgins.CreateProductTest@2d2ffcb7]" started-at="2025-04-12T13:34:34 IST" name="aftermethod" finished-at="2025-04-12T13:34:34 IST" duration-ms="0" status="PASS">
          <reporter-output>
          </reporter-output>
        </test-method> <!-- aftermethod -->
        <test-method is-config="true" signature="afterclass()[pri:0, instance:Campgins.CreateProductTest@2d2ffcb7]" started-at="2025-04-12T13:34:34 IST" name="afterclass" finished-at="2025-04-12T13:34:35 IST" duration-ms="389" status="PASS">
          <reporter-output>
          </reporter-output>
        </test-method> <!-- afterclass -->
      </class> <!-- Campgins.CreateProductTest -->
    </test> <!-- Test -->
  </suite> <!-- Suite -->
</testng-results>
