<?xml version="1.0" encoding="UTF-8"?>
<!-- Generated by org.testng.reporters.JUnitXMLReporter -->
<testsuite ignored="4" hostname="DESKTOP-3DRIMRJ" failures="1" tests="2" name="Test" time="66.588" errors="0" timestamp="2025-04-12T13:34:35 IST">
  <testcase classname="Campgins.CreateCampTest" name="createCampTest" time="18.285">
    <failure type="java.lang.AssertionError" message="test case failing">
      <![CDATA[java.lang.AssertionError: test case failing
at Campgins.CreateCampTest.createCampTest(CreateCampTest.java:43)
at java.base/java.util.ArrayList.forEach(ArrayList.java:1596)
... Removed 26 stack frames]]>
    </failure>
  </testcase> <!-- createCampTest -->
  <testcase classname="Campgins.CreateProductTest" name="CreateProduct" time="23.026"/>
  <testcase classname="Generic_Utilities.BaseClass" name="@AfterSuite aftersuite" time="0.0">
    <ignored/>
  </testcase> <!-- @AfterSuite aftersuite -->
  <testcase classname="Generic_Utilities.BaseClass" name="@BeforeSuite BeforeSuite" time="0.0">
    <ignored/>
  </testcase> <!-- @BeforeSuite BeforeSuite -->
  <testcase classname="Generic_Utilities.BaseClass" name="@BeforeTest BeforTest" time="0.0">
    <ignored/>
  </testcase> <!-- @BeforeTest BeforTest -->
  <testcase classname="Generic_Utilities.BaseClass" name="@AfterTest aftertest" time="0.0">
    <ignored/>
  </testcase> <!-- @AfterTest aftertest -->
</testsuite> <!-- Test -->
